16791
8463
22794
2546
25196
5121
14544
20919
14521
21908
22168
10537
15997
24123
16950
7535
6600
13333
701
15518
7779
7976
3212
13202
1818
11455
23945
19749
3064
8809
16708
2799
24006
24863
24029
3690
9756
27067
7748
22042
15663
1242
5931
3273
13797
17926
7795
25139
24314
17268
1298
23064
11859
7275
1483
25733
4405
2938
11857
18611
24343
22189
24145
3009
18480
23477
21867
6448
10614
24782
23694
20103
25765
25111
21465
25204
981
27080
4038
7854
445
10683
21061
16074
24004
6937
25293
551
21589
14525
24779
15244
4421
20790
1619
18641
20583
10201
6896
18339
